<?xml version="1.0" encoding="UTF-8"?>
<beans xmlns="http://www.springframework.org/schema/beans"
       xmlns:xsi="http://www.w3.org/2001/XMLSchema-instance"
       xsi:schemaLocation="http://www.springframework.org/schema/beans http://www.springframework.org/schema/beans/spring-beans.xsd">
    <bean id="dataSource" class="org.springframework.jdbc.datasource.SimpleDriverDataSource">
        <property name="driverClass" value="oracle.jdbc.driver.OracleDriver"/>
        <property name="url" value="jdbc:oracle:thin:@localhost:1521:xe"/>
        <property name="username" value="test"/>
        <property name="password" value="test"/>
    </bean>

    <!-- 평시 -->
    <bean id="userLevelUpgradePolicy" class="springbook.user.service.UserLevelUpgradePolicyNormal"/>
    <!-- BRONZE 레벨 조건없이 SILVER 레벨 업그레이드 이벤트 시 -->
    <!--<bean id="userLevelUpgradePolicy" class="springbook.user.service.UserLevelUpgradePolicyEvent"/>-->

    <!--<bean id="userService" class="springbook.user.service.UserServiceTx">
        <property name="transactionManager" ref="transactionManager"/>
        <property name="userService" ref="userServiceImpl"/>
    </bean>-->

    <bean id="userService" class="springbook.user.service.TxProxyFactoryBean">
        <property name="target" ref="userServiceImpl"/>
        <property name="transactionManager" ref="transactionManager"/>
        <property name="pattern" value="upgradeLevels"/>
        <!-- serviceInterface 는 클래스 타입, value 속성에 클래스의 절대 경로를 작성하면 스프링이 참조하여 DI -->
        <property name="serviceInterface" value="springbook.user.service.UserService"/>
    </bean>

    <bean id="userServiceImpl" class="springbook.user.service.UserServiceImpl">
        <property name="userDao" ref="userDao"/>
        <property name="userLevelUpgradePolicy" ref="userLevelUpgradePolicy"/>
        <property name="mailSender" ref="mailSender"/>
    </bean>

    <bean id="userDao" class="springbook.user.dao.UserDaoJdbc">
        <property name="dataSource" ref="dataSource"/>
    </bean>

    <bean id="transactionManager" class="org.springframework.jdbc.datasource.DataSourceTransactionManager">
        <property name="dataSource" ref="dataSource"/>
    </bean>

    <!-- 테스트 mailSender -->
    <bean id="mailSender" class="springbook.user.service.DummyMailSender"/>
    <!-- 운영 mailSender -->
    <!--<bean id="mailSender" class="org.springframework.mail.javamail.JavaMailSenderImpl">
        <property name="host" value="mail.server.com"/>
    </bean>-->


</beans>