<?xml version="1.0" encoding="UTF-8"?>
<beans xmlns="http://www.springframework.org/schema/beans"
       xmlns:xsi="http://www.w3.org/2001/XMLSchema-instance"
       xsi:schemaLocation="http://www.springframework.org/schema/beans http://www.springframework.org/schema/beans/spring-beans.xsd">
    <bean id="dataSource" class="org.springframework.jdbc.datasource.SimpleDriverDataSource">
        <property name="driverClass" value="oracle.jdbc.driver.OracleDriver"/>
        <property name="url" value="jdbc:oracle:thin:@localhost:1521:xe"/>
        <property name="username" value="test"/>
        <property name="password" value="test"/>
    </bean>

    <!-- 평시 -->
    <bean id="userLevelUpgradePolicy" class="springbook.user.service.UserLevelUpgradePolicyNormal"/>
    <!-- BRONZE 레벨 조건없이 SILVER 레벨 업그레이드 이벤트 시 -->
    <!--<bean id="userLevelUpgradePolicy" class="springbook.user.service.UserLevelUpgradePolicyEvent"/>-->

    <bean id="userService" class="springbook.user.service.UserService">
        <property name="userDao" ref="userDao"/>
        <property name="userLevelUpgradePolicy" ref="userLevelUpgradePolicy"/>
        <property name="dataSource" ref="dataSource"/>
    </bean>

    <bean id="userDao" class="springbook.user.dao.UserDaoJdbc">
        <property name="dataSource" ref="dataSource"/>
    </bean>

</beans>